<?xml version="1.0" encoding="UTF-8"?>
<!-- Generated by org.testng.reporters.JUnitReportReporter -->
<testsuite hostname="7568mdsalman" failures="0" tests="1" name="TestScript.Test_01" time="0.006" errors="0" timestamp="2024-10-01T17:38:34 IST" skipped="0">
  <testcase classname="TestScript.Test_01" name="createTest" time="0.006"/>
  <system-out/>
</testsuite> <!-- TestScript.Test_01 -->
