<?xml version="1.0" encoding="UTF-8"?>
<!-- Generated by org.testng.reporters.JUnitReportReporter -->
<testsuite hostname="7568mdsalman" failures="0" tests="1" name="Generic.Base" time="5.690" errors="0" timestamp="2024-02-03T23:48:46 IST" skipped="0">
  <testcase classname="Generic.Base" name="test" time="5.690"/>
  <system-out/>
</testsuite> <!-- Generic.Base -->
