<?xml version="1.0" encoding="UTF-8"?>
<!-- Generated by org.testng.reporters.JUnitReportReporter -->
<testsuite hostname="7568mdsalman" failures="0" tests="1" name="TestScript.login" time="0.256" errors="0" timestamp="2024-04-04T02:38:10 IST" skipped="0">
  <testcase classname="TestScript.login" name="test" time="0.256"/>
  <system-out/>
</testsuite> <!-- TestScript.login -->
